0 info it worked if it ends with ok
1 verbose cli [ '/home/mdx/.nvm/v0.10.33/bin/node',
1 verbose cli   '/home/mdx/.nvm/v0.10.33/bin/npm',
1 verbose cli   'install' ]
2 info using npm@1.4.28
3 info using node@v0.10.33
4 verbose node symlink /home/mdx/.nvm/v0.10.33/bin/node
5 error install Couldn't read dependencies
6 error package.json ENOENT, open '/data/home/mdx/TailGate/package.json'
6 error package.json This is most likely not a problem with npm itself.
6 error package.json npm can't find a package.json file in your current directory.
7 error System Linux 2.6.32-279.14.1.el6.x86_64
8 error command "/home/mdx/.nvm/v0.10.33/bin/node" "/home/mdx/.nvm/v0.10.33/bin/npm" "install"
9 error cwd /data/home/mdx/TailGate
10 error node -v v0.10.33
11 error npm -v 1.4.28
12 error path /data/home/mdx/TailGate/package.json
13 error code ENOPACKAGEJSON
14 error errno 34
15 verbose exit [ 34, true ]
